#! /opt/homebrew/Cellar/icarus-verilog/11.0/bin/vvp
:ivl_version "11.0 (stable)";
:ivl_delay_selection "TYPICAL";
:vpi_time_precision + 0;
:vpi_module "/opt/homebrew/Cellar/icarus-verilog/11.0/lib/ivl/system.vpi";
:vpi_module "/opt/homebrew/Cellar/icarus-verilog/11.0/lib/ivl/vhdl_sys.vpi";
:vpi_module "/opt/homebrew/Cellar/icarus-verilog/11.0/lib/ivl/vhdl_textio.vpi";
:vpi_module "/opt/homebrew/Cellar/icarus-verilog/11.0/lib/ivl/v2005_math.vpi";
:vpi_module "/opt/homebrew/Cellar/icarus-verilog/11.0/lib/ivl/va_math.vpi";
S_0x134e0cc40 .scope module, "test" "test" 2 50;
 .timescale 0 0;
v0x134e25560_0 .var "a", 31 0;
v0x134e255f0_0 .var "b", 31 0;
v0x134e25680_0 .net "of_detect", 0 0, v0x134e25230_0;  1 drivers
v0x134e25750_0 .var "op", 3 0;
v0x134e25800_0 .net "out", 31 0, v0x134e25380_0;  1 drivers
v0x134e258d0_0 .net "zero_detect", 0 0, v0x134e25430_0;  1 drivers
S_0x134e080b0 .scope module, "alu" "ALU32" 2 58, 2 18 0, S_0x134e0cc40;
 .timescale 0 0;
    .port_info 0 /INPUT 32 "in0";
    .port_info 1 /INPUT 32 "in1";
    .port_info 2 /INPUT 4 "op";
    .port_info 3 /OUTPUT 32 "out";
    .port_info 4 /OUTPUT 1 "of_detect";
    .port_info 5 /OUTPUT 1 "zero_detect";
L_0x134e25c30 .functor OR 1, L_0x134e259d0, L_0x134e25b10, C4<0>, C4<0>;
L_0x134e25fc0 .functor AND 1, L_0x134e25c30, L_0x134e25e80, C4<1>, C4<1>;
L_0x138078010 .functor BUFT 1, C4<00000000000000000000000000000000>, C4<0>, C4<0>, C4<0>;
v0x134e08220_0 .net/2u *"_ivl_1", 31 0, L_0x138078010;  1 drivers
v0x134e24a60_0 .net *"_ivl_10", 0 0, L_0x134e25c30;  1 drivers
v0x134e24b00_0 .net *"_ivl_11", 31 0, L_0x134e25d20;  1 drivers
L_0x1380780a0 .functor BUFT 1, C4<0000000000000000000000000000>, C4<0>, C4<0>, C4<0>;
v0x134e24ba0_0 .net *"_ivl_14", 27 0, L_0x1380780a0;  1 drivers
L_0x1380780e8 .functor BUFT 1, C4<00000000000000000000000000000000>, C4<0>, C4<0>, C4<0>;
v0x134e24c50_0 .net/2u *"_ivl_15", 31 0, L_0x1380780e8;  1 drivers
v0x134e24d40_0 .net *"_ivl_17", 0 0, L_0x134e25e80;  1 drivers
v0x134e24de0_0 .net *"_ivl_20", 0 0, L_0x134e25fc0;  1 drivers
v0x134e24e80_0 .net *"_ivl_3", 0 0, L_0x134e259d0;  1 drivers
L_0x138078058 .functor BUFT 1, C4<00000000000000000000000000000000>, C4<0>, C4<0>, C4<0>;
v0x134e24f20_0 .net/2u *"_ivl_5", 31 0, L_0x138078058;  1 drivers
v0x134e25030_0 .net *"_ivl_7", 0 0, L_0x134e25b10;  1 drivers
v0x134e250d0_0 .net "in0", 31 0, v0x134e25560_0;  1 drivers
v0x134e25180_0 .net "in1", 31 0, v0x134e255f0_0;  1 drivers
v0x134e25230_0 .var "of_detect", 0 0;
v0x134e252d0_0 .net "op", 3 0, v0x134e25750_0;  1 drivers
v0x134e25380_0 .var "out", 31 0;
v0x134e25430_0 .var "zero_detect", 0 0;
E_0x134e08870 .event edge, L_0x134e25fc0;
L_0x134e259d0 .cmp/ne 32, v0x134e25560_0, L_0x138078010;
L_0x134e25b10 .cmp/ne 32, v0x134e255f0_0, L_0x138078058;
L_0x134e25d20 .concat [ 4 28 0 0], v0x134e25750_0, L_0x1380780a0;
L_0x134e25e80 .cmp/ne 32, L_0x134e25d20, L_0x1380780e8;
    .scope S_0x134e080b0;
T_0 ;
    %wait E_0x134e08870;
    %load/vec4 v0x134e252d0_0;
    %dup/vec4;
    %pushi/vec4 1, 0, 4;
    %cmp/u;
    %jmp/1 T_0.0, 6;
    %dup/vec4;
    %pushi/vec4 2, 0, 4;
    %cmp/u;
    %jmp/1 T_0.1, 6;
    %dup/vec4;
    %pushi/vec4 3, 0, 4;
    %cmp/u;
    %jmp/1 T_0.2, 6;
    %dup/vec4;
    %pushi/vec4 4, 0, 4;
    %cmp/u;
    %jmp/1 T_0.3, 6;
    %dup/vec4;
    %pushi/vec4 5, 0, 4;
    %cmp/u;
    %jmp/1 T_0.4, 6;
    %dup/vec4;
    %pushi/vec4 6, 0, 4;
    %cmp/u;
    %jmp/1 T_0.5, 6;
    %dup/vec4;
    %pushi/vec4 7, 0, 4;
    %cmp/u;
    %jmp/1 T_0.6, 6;
    %dup/vec4;
    %pushi/vec4 8, 0, 4;
    %cmp/u;
    %jmp/1 T_0.7, 6;
    %dup/vec4;
    %pushi/vec4 9, 0, 4;
    %cmp/u;
    %jmp/1 T_0.8, 6;
    %dup/vec4;
    %pushi/vec4 12, 0, 4;
    %cmp/u;
    %jmp/1 T_0.9, 6;
    %dup/vec4;
    %pushi/vec4 13, 0, 4;
    %cmp/u;
    %jmp/1 T_0.10, 6;
    %jmp T_0.11;
T_0.0 ;
    %load/vec4 v0x134e250d0_0;
    %load/vec4 v0x134e25180_0;
    %and;
    %assign/vec4 v0x134e25380_0, 0;
    %jmp T_0.11;
T_0.1 ;
    %load/vec4 v0x134e250d0_0;
    %load/vec4 v0x134e25180_0;
    %or;
    %assign/vec4 v0x134e25380_0, 0;
    %jmp T_0.11;
T_0.2 ;
    %load/vec4 v0x134e250d0_0;
    %load/vec4 v0x134e25180_0;
    %nor;
    %assign/vec4 v0x134e25380_0, 0;
    %jmp T_0.11;
T_0.3 ;
    %load/vec4 v0x134e250d0_0;
    %pad/u 33;
    %load/vec4 v0x134e25180_0;
    %pad/u 33;
    %add;
    %split/vec4 32;
    %assign/vec4 v0x134e25380_0, 0;
    %assign/vec4 v0x134e25230_0, 0;
    %jmp T_0.11;
T_0.4 ;
    %load/vec4 v0x134e250d0_0;
    %pad/u 33;
    %load/vec4 v0x134e25180_0;
    %pad/u 33;
    %sub;
    %split/vec4 32;
    %assign/vec4 v0x134e25380_0, 0;
    %assign/vec4 v0x134e25230_0, 0;
    %load/vec4 v0x134e25380_0;
    %pushi/vec4 0, 0, 32;
    %cmp/e;
    %flag_get/vec4 4;
    %load/vec4 v0x134e25230_0;
    %pad/u 32;
    %pushi/vec4 0, 0, 32;
    %cmp/e;
    %flag_get/vec4 4;
    %and;
    %flag_set/vec4 8;
    %jmp/0xz  T_0.12, 8;
    %pushi/vec4 1, 0, 1;
    %assign/vec4 v0x134e25430_0, 0;
T_0.12 ;
    %jmp T_0.11;
T_0.5 ;
    %load/vec4 v0x134e250d0_0;
    %ix/getv 4, v0x134e25180_0;
    %shiftl 4;
    %assign/vec4 v0x134e25380_0, 0;
    %jmp T_0.11;
T_0.6 ;
    %load/vec4 v0x134e250d0_0;
    %ix/getv 4, v0x134e25180_0;
    %shiftr 4;
    %assign/vec4 v0x134e25380_0, 0;
    %jmp T_0.11;
T_0.7 ;
    %load/vec4 v0x134e250d0_0;
    %ix/getv 4, v0x134e25180_0;
    %shiftl 4;
    %assign/vec4 v0x134e25380_0, 0;
    %jmp T_0.11;
T_0.8 ;
    %load/vec4 v0x134e250d0_0;
    %ix/getv 4, v0x134e25180_0;
    %shiftr 4;
    %assign/vec4 v0x134e25380_0, 0;
    %jmp T_0.11;
T_0.9 ;
    %pushi/vec4 0, 0, 31;
    %load/vec4 v0x134e25180_0;
    %load/vec4 v0x134e250d0_0;
    %cmp/s;
    %flag_get/vec4 5;
    %concat/vec4; draw_concat_vec4
    %assign/vec4 v0x134e25380_0, 0;
    %jmp T_0.11;
T_0.10 ;
    %pushi/vec4 0, 0, 31;
    %load/vec4 v0x134e25180_0;
    %load/vec4 v0x134e250d0_0;
    %cmp/u;
    %flag_get/vec4 5;
    %concat/vec4; draw_concat_vec4
    %assign/vec4 v0x134e25380_0, 0;
    %jmp T_0.11;
T_0.11 ;
    %pop/vec4 1;
    %jmp T_0;
    .thread T_0, $push;
    .scope S_0x134e0cc40;
T_1 ;
    %delay 0, 0;
    %pushi/vec4 2147483647, 0, 32;
    %store/vec4 v0x134e25560_0, 0, 32;
    %pushi/vec4 2147483646, 0, 32;
    %store/vec4 v0x134e255f0_0, 0, 32;
    %pushi/vec4 13, 0, 4;
    %store/vec4 v0x134e25750_0, 0, 4;
    %delay 10, 0;
    %vpi_call 2 65 "$displayb", v0x134e25800_0 {0 0 0};
    %vpi_call 2 66 "$displayb", v0x134e25680_0 {0 0 0};
    %vpi_call 2 67 "$displayb", v0x134e258d0_0 {0 0 0};
    %end;
    .thread T_1;
# The file index is used to find the file name in the following table.
:file_names 3;
    "N/A";
    "<interactive>";
    "alu32.v";
