#! /opt/homebrew/Cellar/icarus-verilog/11.0/bin/vvp
:ivl_version "11.0 (stable)";
:ivl_delay_selection "TYPICAL";
:vpi_time_precision + 0;
:vpi_module "/opt/homebrew/Cellar/icarus-verilog/11.0/lib/ivl/system.vpi";
:vpi_module "/opt/homebrew/Cellar/icarus-verilog/11.0/lib/ivl/vhdl_sys.vpi";
:vpi_module "/opt/homebrew/Cellar/icarus-verilog/11.0/lib/ivl/vhdl_textio.vpi";
:vpi_module "/opt/homebrew/Cellar/icarus-verilog/11.0/lib/ivl/v2005_math.vpi";
:vpi_module "/opt/homebrew/Cellar/icarus-verilog/11.0/lib/ivl/va_math.vpi";
S_0x131704cd0 .scope module, "decoder" "decoder" 2 11;
 .timescale 0 0;
    .port_info 0 /INOUT 5 "read_reg1";
    .port_info 1 /INOUT 5 "read_reg2";
    .port_info 2 /INOUT 5 "write_reg";
    .port_info 3 /OUTPUT 1 "is_write";
    .port_info 4 /OUTPUT 4 "alu_op";
    .port_info 5 /OUTPUT 1 "alusrc";
    .port_info 6 /OUTPUT 1 "pcsrc";
    .port_info 7 /OUTPUT 1 "regwritesrc";
    .port_info 8 /OUTPUT 1 "is_access_memory";
    .port_info 9 /OUTPUT 1 "is_write_memory";
    .port_info 10 /INPUT 32 "op_value";
    .port_info 11 /OUTPUT 32 "output2_value";
    .port_info 12 /OUTPUT 1 "load_from_pc";
L_0x131704970 .functor BUFZ 5, v0x131717020_0, C4<00000>, C4<00000>, C4<00000>;
L_0x131717630 .functor BUFZ 5, v0x131717260_0, C4<00000>, C4<00000>, C4<00000>;
L_0x1317176c0 .functor BUFZ 5, v0x131717440_0, C4<00000>, C4<00000>, C4<00000>;
L_0x131717790 .functor BUFZ 20, v0x131716e20_0, C4<00000000000000000000>, C4<00000000000000000000>, C4<00000000000000000000>;
L_0x131717840 .functor BUFZ 32, v0x131716cc0_0, C4<00000000000000000000000000000000>, C4<00000000000000000000000000000000>, C4<00000000000000000000000000000000>;
v0x1317049e0_0 .net "alu_op", 3 0, L_0x131717920;  1 drivers
v0x131716650_0 .var "alu_op_reg", 4 0;
v0x1317166f0_0 .var "alusrc", 0 0;
v0x1317167a0_0 .var "is_access_memory", 0 0;
v0x131716830_0 .var "is_write", 0 0;
v0x131716910_0 .var "is_write_memory", 0 0;
v0x1317169b0_0 .var "load_from_pc", 0 0;
v0x131716a50_0 .var "op", 6 0;
o0x128008190 .functor BUFZ 32, C4<zzzzzzzzzzzzzzzzzzzzzzzzzzzzzzzz>; HiZ drive
v0x131716b00_0 .net "op_value", 31 0, o0x128008190;  0 drivers
v0x131716c10_0 .net "output2_value", 31 0, L_0x131717840;  1 drivers
v0x131716cc0_0 .var "output2_value_reg", 31 0;
v0x131716d70_0 .net "output_value", 19 0, L_0x131717790;  1 drivers
v0x131716e20_0 .var "output_value_reg", 19 0;
v0x131716ed0_0 .var "pcsrc", 0 0;
v0x131716f70_0 .net "read_reg1", 4 0, L_0x131704970;  1 drivers
v0x131717020_0 .var "read_reg1_reg", 4 0;
v0x1317170d0_0 .net "read_reg2", 4 0, L_0x131717630;  1 drivers
v0x131717260_0 .var "read_reg2_reg", 4 0;
v0x1317172f0_0 .var "regwritesrc", 0 0;
v0x131717390_0 .net "write_reg", 4 0, L_0x1317176c0;  1 drivers
v0x131717440_0 .var "write_reg_reg", 4 0;
E_0x1317065d0 .event edge, v0x131716b00_0, v0x131716a50_0;
L_0x131717920 .part v0x131716650_0, 0, 4;
    .scope S_0x131704cd0;
T_0 ;
    %wait E_0x1317065d0;
    %load/vec4 v0x131716b00_0;
    %parti/s 7, 0, 2;
    %assign/vec4 v0x131716a50_0, 0;
    %load/vec4 v0x131716a50_0;
    %cmpi/e 55, 0, 7;
    %jmp/0xz  T_0.0, 4;
    %load/vec4 v0x131716b00_0;
    %parti/s 5, 7, 4;
    %assign/vec4 v0x131717440_0, 0;
    %load/vec4 v0x131716b00_0;
    %parti/s 20, 12, 5;
    %assign/vec4 v0x131716e20_0, 0;
    %pushi/vec4 0, 0, 32;
    %assign/vec4 v0x131716cc0_0, 0;
    %pushi/vec4 8, 0, 5;
    %assign/vec4 v0x131716650_0, 0;
    %pushi/vec4 0, 0, 1;
    %assign/vec4 v0x131716ed0_0, 0;
    %jmp T_0.1;
T_0.0 ;
    %load/vec4 v0x131716a50_0;
    %cmpi/e 23, 0, 7;
    %jmp/0xz  T_0.2, 4;
    %load/vec4 v0x131716b00_0;
    %parti/s 5, 7, 4;
    %assign/vec4 v0x131717440_0, 0;
    %load/vec4 v0x131716b00_0;
    %parti/s 20, 12, 5;
    %assign/vec4 v0x131716e20_0, 0;
    %pushi/vec4 1, 0, 1;
    %cassign/vec4 v0x1317169b0_0;
    %pushi/vec4 0, 0, 1;
    %cassign/vec4 v0x1317169b0_0;
T_0.2 ;
T_0.1 ;
    %jmp T_0;
    .thread T_0, $push;
# The file index is used to find the file name in the following table.
:file_names 3;
    "N/A";
    "<interactive>";
    "decoder.v";
