#! /opt/homebrew/Cellar/icarus-verilog/11.0/bin/vvp
:ivl_version "11.0 (stable)";
:ivl_delay_selection "TYPICAL";
:vpi_time_precision + 0;
:vpi_module "/opt/homebrew/Cellar/icarus-verilog/11.0/lib/ivl/system.vpi";
:vpi_module "/opt/homebrew/Cellar/icarus-verilog/11.0/lib/ivl/vhdl_sys.vpi";
:vpi_module "/opt/homebrew/Cellar/icarus-verilog/11.0/lib/ivl/vhdl_textio.vpi";
:vpi_module "/opt/homebrew/Cellar/icarus-verilog/11.0/lib/ivl/v2005_math.vpi";
:vpi_module "/opt/homebrew/Cellar/icarus-verilog/11.0/lib/ivl/va_math.vpi";
S_0x11e6080b0 .scope module, "test" "test" 2 13;
 .timescale 0 0;
L_0x11e61df00 .functor BUFZ 32, v0x11e61db50_0, C4<00000000000000000000000000000000>, C4<00000000000000000000000000000000>, C4<00000000000000000000000000000000>;
L_0x11e61dfb0 .functor BUFZ 32, v0x11e61dc10_0, C4<00000000000000000000000000000000>, C4<00000000000000000000000000000000>, C4<00000000000000000000000000000000>;
v0x11e61db50_0 .var "in0_reg", 31 0;
v0x11e61dc10_0 .var "in1_reg", 31 0;
v0x11e61dcb0_0 .net "in_0", 31 0, L_0x11e61df00;  1 drivers
v0x11e61dd80_0 .net "in_1", 31 0, L_0x11e61dfb0;  1 drivers
v0x11e61de30_0 .net "out", 31 0, v0x11e61da40_0;  1 drivers
S_0x11e608220 .scope module, "tes" "two_in_one_out_mux" 2 21, 2 2 0, S_0x11e6080b0;
 .timescale 0 0;
    .port_info 0 /INPUT 32 "in_0";
    .port_info 1 /INPUT 32 "in_1";
    .port_info 2 /OUTPUT 32 "out";
v0x11e60cc50_0 .net "in_0", 31 0, L_0x11e61df00;  alias, 1 drivers
v0x11e61d990_0 .net "in_1", 31 0, L_0x11e61dfb0;  alias, 1 drivers
v0x11e61da40_0 .var "out", 31 0;
E_0x11e60d060 .event edge, v0x11e61d990_0;
E_0x11e60aa90 .event edge, v0x11e60cc50_0;
    .scope S_0x11e608220;
T_0 ;
    %wait E_0x11e60aa90;
    %load/vec4 v0x11e60cc50_0;
    %assign/vec4 v0x11e61da40_0, 0;
    %jmp T_0;
    .thread T_0, $push;
    .scope S_0x11e608220;
T_1 ;
    %wait E_0x11e60d060;
    %load/vec4 v0x11e61d990_0;
    %assign/vec4 v0x11e61da40_0, 0;
    %jmp T_1;
    .thread T_1, $push;
    .scope S_0x11e6080b0;
T_2 ;
    %delay 0, 0;
    %pushi/vec4 5, 0, 32;
    %store/vec4 v0x11e61db50_0, 0, 32;
    %delay 5, 0;
    %vpi_call 2 26 "$displayb", v0x11e61de30_0 {0 0 0};
    %delay 10, 0;
    %pushi/vec4 10, 0, 32;
    %store/vec4 v0x11e61dc10_0, 0, 32;
    %delay 15, 0;
    %vpi_call 2 30 "$displayb", v0x11e61de30_0 {0 0 0};
    %end;
    .thread T_2;
# The file index is used to find the file name in the following table.
:file_names 3;
    "N/A";
    "<interactive>";
    "mux.v";
