#! /opt/homebrew/Cellar/icarus-verilog/11.0/bin/vvp
:ivl_version "11.0 (stable)";
:ivl_delay_selection "TYPICAL";
:vpi_time_precision + 0;
:vpi_module "/opt/homebrew/Cellar/icarus-verilog/11.0/lib/ivl/system.vpi";
:vpi_module "/opt/homebrew/Cellar/icarus-verilog/11.0/lib/ivl/vhdl_sys.vpi";
:vpi_module "/opt/homebrew/Cellar/icarus-verilog/11.0/lib/ivl/vhdl_textio.vpi";
:vpi_module "/opt/homebrew/Cellar/icarus-verilog/11.0/lib/ivl/v2005_math.vpi";
:vpi_module "/opt/homebrew/Cellar/icarus-verilog/11.0/lib/ivl/va_math.vpi";
S_0x1407041e0 .scope module, "U_exec" "U_exec" 2 2;
 .timescale 0 0;
    .port_info 0 /INPUT 7 "op";
    .port_info 1 /INPUT 20 "in";
    .port_info 2 /OUTPUT 32 "out";
    .port_info 3 /OUTPUT 2 "pcop";
    .port_info 4 /INPUT 32 "pcvalue";
L_0x1407149d0 .functor BUFZ 32, v0x140714650_0, C4<00000000000000000000000000000000>, C4<00000000000000000000000000000000>, C4<00000000000000000000000000000000>;
L_0x140714a60 .functor BUFZ 2, v0x1407147f0_0, C4<00>, C4<00>, C4<00>;
o0x138008010 .functor BUFZ 20, C4<zzzzzzzzzzzzzzzzzzzz>; HiZ drive
v0x140704440_0 .net "in", 19 0, o0x138008010;  0 drivers
o0x138008040 .functor BUFZ 7, C4<zzzzzzz>; HiZ drive
v0x140714500_0 .net "op", 6 0, o0x138008040;  0 drivers
v0x1407145a0_0 .net "out", 31 0, L_0x1407149d0;  1 drivers
v0x140714650_0 .var "out_reg", 31 0;
v0x140714700_0 .net "pcop", 1 0, L_0x140714a60;  1 drivers
v0x1407147f0_0 .var "pcop_reg", 1 0;
o0x138008130 .functor BUFZ 32, C4<zzzzzzzzzzzzzzzzzzzzzzzzzzzzzzzz>; HiZ drive
v0x1407148a0_0 .net "pcvalue", 31 0, o0x138008130;  0 drivers
E_0x140704410 .event edge, v0x140714500_0;
    .scope S_0x1407041e0;
T_0 ;
    %wait E_0x140704410;
    %load/vec4 v0x140714500_0;
    %dup/vec4;
    %pushi/vec4 55, 0, 7;
    %cmp/u;
    %jmp/1 T_0.0, 6;
    %dup/vec4;
    %pushi/vec4 23, 0, 7;
    %cmp/u;
    %jmp/1 T_0.1, 6;
    %jmp T_0.2;
T_0.0 ;
    %load/vec4 v0x140704440_0;
    %concati/vec4 0, 0, 12;
    %assign/vec4 v0x140714650_0, 0;
    %jmp T_0.2;
T_0.1 ;
    %load/vec4 v0x140704440_0;
    %concati/vec4 0, 0, 12;
    %load/vec4 v0x1407148a0_0;
    %add;
    %assign/vec4 v0x140714650_0, 0;
    %jmp T_0.2;
T_0.2 ;
    %pop/vec4 1;
    %pushi/vec4 1, 0, 2;
    %assign/vec4 v0x1407147f0_0, 0;
    %jmp T_0;
    .thread T_0, $push;
# The file index is used to find the file name in the following table.
:file_names 3;
    "N/A";
    "<interactive>";
    "u_decode.v";
